{"/Users/vanessarandall/Turing/Mod_4/Projects/palette-picker-backend/app.js": {"path":"/Users/vanessarandall/Turing/Mod_4/Projects/palette-picker-backend/app.js","statementMap":{"0":{"start":{"line":1,"column":16},"end":{"line":1,"column":34}},"1":{"start":{"line":2,"column":13},"end":{"line":2,"column":28}},"2":{"start":{"line":3,"column":12},"end":{"line":3,"column":21}},"3":{"start":{"line":4,"column":20},"end":{"line":4,"column":57}},"4":{"start":{"line":5,"column":22},"end":{"line":5,"column":56}},"5":{"start":{"line":6,"column":17},"end":{"line":6,"column":47}},"6":{"start":{"line":8,"column":0},"end":{"line":8,"column":36}},"7":{"start":{"line":9,"column":0},"end":{"line":9,"column":16}},"8":{"start":{"line":10,"column":0},"end":{"line":10,"column":24}},"9":{"start":{"line":12,"column":0},"end":{"line":14,"column":3}},"10":{"start":{"line":13,"column":2},"end":{"line":13,"column":55}},"11":{"start":{"line":16,"column":0},"end":{"line":27,"column":3}},"12":{"start":{"line":17,"column":2},"end":{"line":26,"column":3}},"13":{"start":{"line":18,"column":21},"end":{"line":18,"column":56}},"14":{"start":{"line":19,"column":4},"end":{"line":23,"column":5}},"15":{"start":{"line":20,"column":6},"end":{"line":20,"column":42}},"16":{"start":{"line":22,"column":6},"end":{"line":22,"column":69}},"17":{"start":{"line":25,"column":4},"end":{"line":25,"column":66}},"18":{"start":{"line":29,"column":0},"end":{"line":40,"column":3}},"19":{"start":{"line":30,"column":2},"end":{"line":39,"column":3}},"20":{"start":{"line":31,"column":21},"end":{"line":31,"column":56}},"21":{"start":{"line":32,"column":4},"end":{"line":36,"column":5}},"22":{"start":{"line":33,"column":6},"end":{"line":33,"column":42}},"23":{"start":{"line":35,"column":6},"end":{"line":35,"column":71}},"24":{"start":{"line":38,"column":4},"end":{"line":38,"column":66}},"25":{"start":{"line":42,"column":0},"end":{"line":55,"column":3}},"26":{"start":{"line":43,"column":17},"end":{"line":43,"column":31}},"27":{"start":{"line":45,"column":2},"end":{"line":54,"column":3}},"28":{"start":{"line":46,"column":20},"end":{"line":46,"column":60}},"29":{"start":{"line":47,"column":4},"end":{"line":51,"column":5}},"30":{"start":{"line":48,"column":6},"end":{"line":48,"column":41}},"31":{"start":{"line":50,"column":6},"end":{"line":50,"column":64}},"32":{"start":{"line":53,"column":4},"end":{"line":53,"column":66}},"33":{"start":{"line":57,"column":0},"end":{"line":74,"column":3}},"34":{"start":{"line":58,"column":17},"end":{"line":58,"column":31}},"35":{"start":{"line":60,"column":2},"end":{"line":73,"column":3}},"36":{"start":{"line":61,"column":28},"end":{"line":63,"column":15}},"37":{"start":{"line":64,"column":4},"end":{"line":70,"column":5}},"38":{"start":{"line":65,"column":6},"end":{"line":65,"column":49}},"39":{"start":{"line":67,"column":6},"end":{"line":69,"column":63}},"40":{"start":{"line":72,"column":4},"end":{"line":72,"column":66}},"41":{"start":{"line":76,"column":0},"end":{"line":89,"column":3}},"42":{"start":{"line":77,"column":17},"end":{"line":77,"column":31}},"43":{"start":{"line":79,"column":2},"end":{"line":88,"column":3}},"44":{"start":{"line":80,"column":20},"end":{"line":80,"column":60}},"45":{"start":{"line":81,"column":4},"end":{"line":85,"column":5}},"46":{"start":{"line":82,"column":6},"end":{"line":82,"column":41}},"47":{"start":{"line":84,"column":6},"end":{"line":84,"column":64}},"48":{"start":{"line":87,"column":4},"end":{"line":87,"column":66}},"49":{"start":{"line":91,"column":0},"end":{"line":111,"column":3}},"50":{"start":{"line":92,"column":2},"end":{"line":110,"column":3}},"51":{"start":{"line":93,"column":25},"end":{"line":93,"column":51}},"52":{"start":{"line":94,"column":21},"end":{"line":94,"column":56}},"53":{"start":{"line":95,"column":26},"end":{"line":97,"column":6}},"54":{"start":{"line":96,"column":6},"end":{"line":96,"column":49}},"55":{"start":{"line":99,"column":4},"end":{"line":107,"column":5}},"56":{"start":{"line":100,"column":6},"end":{"line":104,"column":10}},"57":{"start":{"line":106,"column":6},"end":{"line":106,"column":51}},"58":{"start":{"line":109,"column":4},"end":{"line":109,"column":66}},"59":{"start":{"line":113,"column":0},"end":{"line":128,"column":3}},"60":{"start":{"line":114,"column":18},"end":{"line":114,"column":30}},"61":{"start":{"line":116,"column":2},"end":{"line":120,"column":3}},"62":{"start":{"line":117,"column":4},"end":{"line":119,"column":74}},"63":{"start":{"line":122,"column":2},"end":{"line":127,"column":3}},"64":{"start":{"line":123,"column":23},"end":{"line":123,"column":71}},"65":{"start":{"line":124,"column":4},"end":{"line":124,"column":53}},"66":{"start":{"line":126,"column":4},"end":{"line":126,"column":66}},"67":{"start":{"line":130,"column":0},"end":{"line":159,"column":3}},"68":{"start":{"line":131,"column":18},"end":{"line":131,"column":30}},"69":{"start":{"line":132,"column":21},"end":{"line":140,"column":3}},"70":{"start":{"line":142,"column":2},"end":{"line":151,"column":3}},"71":{"start":{"line":143,"column":4},"end":{"line":150,"column":5}},"72":{"start":{"line":144,"column":6},"end":{"line":148,"column":9}},"73":{"start":{"line":149,"column":6},"end":{"line":149,"column":13}},"74":{"start":{"line":153,"column":2},"end":{"line":158,"column":3}},"75":{"start":{"line":154,"column":23},"end":{"line":154,"column":71}},"76":{"start":{"line":155,"column":4},"end":{"line":155,"column":53}},"77":{"start":{"line":157,"column":4},"end":{"line":157,"column":66}},"78":{"start":{"line":161,"column":0},"end":{"line":186,"column":3}},"79":{"start":{"line":162,"column":27},"end":{"line":162,"column":39}},"80":{"start":{"line":163,"column":17},"end":{"line":163,"column":31}},"81":{"start":{"line":165,"column":2},"end":{"line":169,"column":3}},"82":{"start":{"line":166,"column":4},"end":{"line":168,"column":75}},"83":{"start":{"line":171,"column":2},"end":{"line":185,"column":3}},"84":{"start":{"line":172,"column":20},"end":{"line":174,"column":31}},"85":{"start":{"line":176,"column":4},"end":{"line":182,"column":5}},"86":{"start":{"line":177,"column":6},"end":{"line":179,"column":56}},"87":{"start":{"line":181,"column":6},"end":{"line":181,"column":52}},"88":{"start":{"line":184,"column":4},"end":{"line":184,"column":66}},"89":{"start":{"line":188,"column":0},"end":{"line":220,"column":3}},"90":{"start":{"line":189,"column":17},"end":{"line":189,"column":31}},"91":{"start":{"line":191,"column":21},"end":{"line":199,"column":3}},"92":{"start":{"line":201,"column":2},"end":{"line":219,"column":3}},"93":{"start":{"line":202,"column":27},"end":{"line":202,"column":69}},"94":{"start":{"line":203,"column":19},"end":{"line":203,"column":55}},"95":{"start":{"line":204,"column":4},"end":{"line":208,"column":5}},"96":{"start":{"line":205,"column":6},"end":{"line":207,"column":56}},"97":{"start":{"line":209,"column":4},"end":{"line":216,"column":5}},"98":{"start":{"line":210,"column":6},"end":{"line":215,"column":7}},"99":{"start":{"line":211,"column":8},"end":{"line":213,"column":46}},"100":{"start":{"line":214,"column":8},"end":{"line":214,"column":71}},"101":{"start":{"line":218,"column":4},"end":{"line":218,"column":41}},"102":{"start":{"line":222,"column":0},"end":{"line":238,"column":3}},"103":{"start":{"line":223,"column":17},"end":{"line":223,"column":31}},"104":{"start":{"line":225,"column":2},"end":{"line":237,"column":3}},"105":{"start":{"line":226,"column":20},"end":{"line":228,"column":12}},"106":{"start":{"line":230,"column":4},"end":{"line":234,"column":5}},"107":{"start":{"line":231,"column":6},"end":{"line":231,"column":41}},"108":{"start":{"line":233,"column":6},"end":{"line":233,"column":63}},"109":{"start":{"line":236,"column":4},"end":{"line":236,"column":37}},"110":{"start":{"line":240,"column":0},"end":{"line":258,"column":3}},"111":{"start":{"line":241,"column":17},"end":{"line":241,"column":31}},"112":{"start":{"line":243,"column":2},"end":{"line":257,"column":3}},"113":{"start":{"line":244,"column":20},"end":{"line":246,"column":12}},"114":{"start":{"line":248,"column":4},"end":{"line":254,"column":5}},"115":{"start":{"line":249,"column":6},"end":{"line":249,"column":41}},"116":{"start":{"line":251,"column":6},"end":{"line":253,"column":65}},"117":{"start":{"line":256,"column":4},"end":{"line":256,"column":37}},"118":{"start":{"line":260,"column":0},"end":{"line":260,"column":21}}},"fnMap":{"0":{"name":"(anonymous_0)","decl":{"start":{"line":12,"column":13},"end":{"line":12,"column":14}},"loc":{"start":{"line":12,"column":36},"end":{"line":14,"column":1}},"line":12},"1":{"name":"(anonymous_1)","decl":{"start":{"line":16,"column":28},"end":{"line":16,"column":29}},"loc":{"start":{"line":16,"column":57},"end":{"line":27,"column":1}},"line":16},"2":{"name":"(anonymous_2)","decl":{"start":{"line":29,"column":28},"end":{"line":29,"column":29}},"loc":{"start":{"line":29,"column":57},"end":{"line":40,"column":1}},"line":29},"3":{"name":"(anonymous_3)","decl":{"start":{"line":42,"column":32},"end":{"line":42,"column":33}},"loc":{"start":{"line":42,"column":61},"end":{"line":55,"column":1}},"line":42},"4":{"name":"(anonymous_4)","decl":{"start":{"line":57,"column":32},"end":{"line":57,"column":33}},"loc":{"start":{"line":57,"column":61},"end":{"line":74,"column":1}},"line":57},"5":{"name":"(anonymous_5)","decl":{"start":{"line":76,"column":31},"end":{"line":76,"column":32}},"loc":{"start":{"line":76,"column":60},"end":{"line":89,"column":1}},"line":76},"6":{"name":"(anonymous_6)","decl":{"start":{"line":91,"column":26},"end":{"line":91,"column":27}},"loc":{"start":{"line":91,"column":55},"end":{"line":111,"column":1}},"line":91},"7":{"name":"(anonymous_7)","decl":{"start":{"line":95,"column":42},"end":{"line":95,"column":43}},"loc":{"start":{"line":95,"column":52},"end":{"line":97,"column":5}},"line":95},"8":{"name":"(anonymous_8)","decl":{"start":{"line":113,"column":29},"end":{"line":113,"column":30}},"loc":{"start":{"line":113,"column":58},"end":{"line":128,"column":1}},"line":113},"9":{"name":"(anonymous_9)","decl":{"start":{"line":130,"column":33},"end":{"line":130,"column":34}},"loc":{"start":{"line":130,"column":62},"end":{"line":159,"column":1}},"line":130},"10":{"name":"(anonymous_10)","decl":{"start":{"line":161,"column":34},"end":{"line":161,"column":35}},"loc":{"start":{"line":161,"column":63},"end":{"line":186,"column":1}},"line":161},"11":{"name":"(anonymous_11)","decl":{"start":{"line":188,"column":33},"end":{"line":188,"column":34}},"loc":{"start":{"line":188,"column":62},"end":{"line":220,"column":1}},"line":188},"12":{"name":"(anonymous_12)","decl":{"start":{"line":222,"column":35},"end":{"line":222,"column":36}},"loc":{"start":{"line":222,"column":64},"end":{"line":238,"column":1}},"line":222},"13":{"name":"(anonymous_13)","decl":{"start":{"line":240,"column":34},"end":{"line":240,"column":35}},"loc":{"start":{"line":240,"column":63},"end":{"line":258,"column":1}},"line":240}},"branchMap":{"0":{"loc":{"start":{"line":4,"column":20},"end":{"line":4,"column":57}},"type":"binary-expr","locations":[{"start":{"line":4,"column":20},"end":{"line":4,"column":40}},{"start":{"line":4,"column":44},"end":{"line":4,"column":57}}],"line":4},"1":{"loc":{"start":{"line":19,"column":4},"end":{"line":23,"column":5}},"type":"if","locations":[{"start":{"line":19,"column":4},"end":{"line":23,"column":5}},{"start":{"line":19,"column":4},"end":{"line":23,"column":5}}],"line":19},"2":{"loc":{"start":{"line":32,"column":4},"end":{"line":36,"column":5}},"type":"if","locations":[{"start":{"line":32,"column":4},"end":{"line":36,"column":5}},{"start":{"line":32,"column":4},"end":{"line":36,"column":5}}],"line":32},"3":{"loc":{"start":{"line":47,"column":4},"end":{"line":51,"column":5}},"type":"if","locations":[{"start":{"line":47,"column":4},"end":{"line":51,"column":5}},{"start":{"line":47,"column":4},"end":{"line":51,"column":5}}],"line":47},"4":{"loc":{"start":{"line":64,"column":4},"end":{"line":70,"column":5}},"type":"if","locations":[{"start":{"line":64,"column":4},"end":{"line":70,"column":5}},{"start":{"line":64,"column":4},"end":{"line":70,"column":5}}],"line":64},"5":{"loc":{"start":{"line":81,"column":4},"end":{"line":85,"column":5}},"type":"if","locations":[{"start":{"line":81,"column":4},"end":{"line":85,"column":5}},{"start":{"line":81,"column":4},"end":{"line":85,"column":5}}],"line":81},"6":{"loc":{"start":{"line":99,"column":4},"end":{"line":107,"column":5}},"type":"if","locations":[{"start":{"line":99,"column":4},"end":{"line":107,"column":5}},{"start":{"line":99,"column":4},"end":{"line":107,"column":5}}],"line":99},"7":{"loc":{"start":{"line":116,"column":2},"end":{"line":120,"column":3}},"type":"if","locations":[{"start":{"line":116,"column":2},"end":{"line":120,"column":3}},{"start":{"line":116,"column":2},"end":{"line":120,"column":3}}],"line":116},"8":{"loc":{"start":{"line":143,"column":4},"end":{"line":150,"column":5}},"type":"if","locations":[{"start":{"line":143,"column":4},"end":{"line":150,"column":5}},{"start":{"line":143,"column":4},"end":{"line":150,"column":5}}],"line":143},"9":{"loc":{"start":{"line":165,"column":2},"end":{"line":169,"column":3}},"type":"if","locations":[{"start":{"line":165,"column":2},"end":{"line":169,"column":3}},{"start":{"line":165,"column":2},"end":{"line":169,"column":3}}],"line":165},"10":{"loc":{"start":{"line":176,"column":4},"end":{"line":182,"column":5}},"type":"if","locations":[{"start":{"line":176,"column":4},"end":{"line":182,"column":5}},{"start":{"line":176,"column":4},"end":{"line":182,"column":5}}],"line":176},"11":{"loc":{"start":{"line":203,"column":19},"end":{"line":203,"column":55}},"type":"cond-expr","locations":[{"start":{"line":203,"column":43},"end":{"line":203,"column":47}},{"start":{"line":203,"column":50},"end":{"line":203,"column":55}}],"line":203},"12":{"loc":{"start":{"line":204,"column":4},"end":{"line":208,"column":5}},"type":"if","locations":[{"start":{"line":204,"column":4},"end":{"line":208,"column":5}},{"start":{"line":204,"column":4},"end":{"line":208,"column":5}}],"line":204},"13":{"loc":{"start":{"line":210,"column":6},"end":{"line":215,"column":7}},"type":"if","locations":[{"start":{"line":210,"column":6},"end":{"line":215,"column":7}},{"start":{"line":210,"column":6},"end":{"line":215,"column":7}}],"line":210},"14":{"loc":{"start":{"line":210,"column":10},"end":{"line":210,"column":39}},"type":"binary-expr","locations":[{"start":{"line":210,"column":10},"end":{"line":210,"column":29}},{"start":{"line":210,"column":33},"end":{"line":210,"column":39}}],"line":210},"15":{"loc":{"start":{"line":230,"column":4},"end":{"line":234,"column":5}},"type":"if","locations":[{"start":{"line":230,"column":4},"end":{"line":234,"column":5}},{"start":{"line":230,"column":4},"end":{"line":234,"column":5}}],"line":230},"16":{"loc":{"start":{"line":248,"column":4},"end":{"line":254,"column":5}},"type":"if","locations":[{"start":{"line":248,"column":4},"end":{"line":254,"column":5}},{"start":{"line":248,"column":4},"end":{"line":254,"column":5}}],"line":248}},"s":{"0":1,"1":1,"2":1,"3":1,"4":1,"5":1,"6":1,"7":1,"8":1,"9":1,"10":1,"11":1,"12":1,"13":1,"14":1,"15":1,"16":0,"17":0,"18":1,"19":1,"20":1,"21":1,"22":1,"23":0,"24":0,"25":1,"26":2,"27":2,"28":2,"29":2,"30":1,"31":1,"32":0,"33":1,"34":2,"35":2,"36":2,"37":2,"38":1,"39":1,"40":0,"41":1,"42":2,"43":2,"44":2,"45":2,"46":1,"47":1,"48":0,"49":1,"50":0,"51":0,"52":0,"53":0,"54":0,"55":0,"56":0,"57":0,"58":0,"59":1,"60":2,"61":2,"62":1,"63":1,"64":1,"65":1,"66":0,"67":1,"68":2,"69":2,"70":2,"71":8,"72":1,"73":1,"74":1,"75":1,"76":1,"77":0,"78":1,"79":3,"80":3,"81":3,"82":1,"83":2,"84":2,"85":2,"86":1,"87":1,"88":0,"89":1,"90":3,"91":3,"92":3,"93":3,"94":3,"95":3,"96":1,"97":2,"98":8,"99":1,"100":1,"101":0,"102":1,"103":2,"104":2,"105":2,"106":2,"107":1,"108":1,"109":0,"110":1,"111":2,"112":2,"113":2,"114":2,"115":1,"116":1,"117":0,"118":1},"f":{"0":1,"1":1,"2":1,"3":2,"4":2,"5":2,"6":0,"7":0,"8":2,"9":2,"10":3,"11":3,"12":2,"13":2},"b":{"0":[1,0],"1":[1,0],"2":[1,0],"3":[1,1],"4":[1,1],"5":[1,1],"6":[0,0],"7":[1,1],"8":[1,7],"9":[1,2],"10":[1,1],"11":[2,1],"12":[1,2],"13":[1,7],"14":[8,1],"15":[1,1],"16":[1,1]},"_coverageSchema":"43e27e138ebf9cfc5966b082cf9a028302ed4184","hash":"670b63b721599acefd4b60fc94f1e6118d59a491"}
,"/Users/vanessarandall/Turing/Mod_4/Projects/palette-picker-backend/knexfile.js": {"path":"/Users/vanessarandall/Turing/Mod_4/Projects/palette-picker-backend/knexfile.js","statementMap":{"0":{"start":{"line":1,"column":0},"end":{"line":35,"column":2}}},"fnMap":{},"branchMap":{},"s":{"0":1},"f":{},"b":{},"_coverageSchema":"43e27e138ebf9cfc5966b082cf9a028302ed4184","hash":"15df1c8c22a78f5f7a983f731e124b31e678c028"}
,"/Users/vanessarandall/Turing/Mod_4/Projects/palette-picker-backend/data/data.js": {"path":"/Users/vanessarandall/Turing/Mod_4/Projects/palette-picker-backend/data/data.js","statementMap":{"0":{"start":{"line":1,"column":13},"end":{"line":40,"column":1}},"1":{"start":{"line":42,"column":0},"end":{"line":42,"column":22}}},"fnMap":{},"branchMap":{},"s":{"0":1,"1":1},"f":{},"b":{},"_coverageSchema":"43e27e138ebf9cfc5966b082cf9a028302ed4184","hash":"408de133f8feccbc25586773334ac82c04eeaa40"}
,"/Users/vanessarandall/Turing/Mod_4/Projects/palette-picker-backend/db/seeds/test/projects.js": {"path":"/Users/vanessarandall/Turing/Mod_4/Projects/palette-picker-backend/db/seeds/test/projects.js","statementMap":{"0":{"start":{"line":1,"column":13},"end":{"line":1,"column":42}},"1":{"start":{"line":3,"column":22},"end":{"line":32,"column":1}},"2":{"start":{"line":4,"column":2},"end":{"line":31,"column":7}},"3":{"start":{"line":12,"column":28},"end":{"line":12,"column":30}},"4":{"start":{"line":14,"column":6},"end":{"line":28,"column":9}},"5":{"start":{"line":15,"column":8},"end":{"line":27,"column":9}},"6":{"start":{"line":16,"column":10},"end":{"line":26,"column":12}},"7":{"start":{"line":30,"column":6},"end":{"line":30,"column":42}},"8":{"start":{"line":34,"column":22},"end":{"line":36,"column":1}},"9":{"start":{"line":35,"column":2},"end":{"line":35,"column":42}},"10":{"start":{"line":38,"column":0},"end":{"line":52,"column":2}},"11":{"start":{"line":39,"column":2},"end":{"line":51,"column":65}},"12":{"start":{"line":41,"column":16},"end":{"line":41,"column":38}},"13":{"start":{"line":43,"column":28},"end":{"line":43,"column":30}},"14":{"start":{"line":45,"column":6},"end":{"line":47,"column":9}},"15":{"start":{"line":46,"column":8},"end":{"line":46,"column":59}},"16":{"start":{"line":49,"column":6},"end":{"line":49,"column":42}},"17":{"start":{"line":51,"column":20},"end":{"line":51,"column":63}}},"fnMap":{"0":{"name":"(anonymous_0)","decl":{"start":{"line":3,"column":22},"end":{"line":3,"column":23}},"loc":{"start":{"line":3,"column":41},"end":{"line":32,"column":1}},"line":3},"1":{"name":"(anonymous_1)","decl":{"start":{"line":11,"column":10},"end":{"line":11,"column":11}},"loc":{"start":{"line":11,"column":24},"end":{"line":31,"column":5}},"line":11},"2":{"name":"(anonymous_2)","decl":{"start":{"line":14,"column":28},"end":{"line":14,"column":29}},"loc":{"start":{"line":14,"column":39},"end":{"line":28,"column":7}},"line":14},"3":{"name":"(anonymous_3)","decl":{"start":{"line":34,"column":22},"end":{"line":34,"column":23}},"loc":{"start":{"line":34,"column":41},"end":{"line":36,"column":1}},"line":34},"4":{"name":"(anonymous_4)","decl":{"start":{"line":38,"column":15},"end":{"line":38,"column":16}},"loc":{"start":{"line":38,"column":23},"end":{"line":52,"column":1}},"line":38},"5":{"name":"(anonymous_5)","decl":{"start":{"line":41,"column":10},"end":{"line":41,"column":11}},"loc":{"start":{"line":41,"column":16},"end":{"line":41,"column":38}},"line":41},"6":{"name":"(anonymous_6)","decl":{"start":{"line":42,"column":10},"end":{"line":42,"column":11}},"loc":{"start":{"line":42,"column":16},"end":{"line":50,"column":5}},"line":42},"7":{"name":"(anonymous_7)","decl":{"start":{"line":45,"column":28},"end":{"line":45,"column":29}},"loc":{"start":{"line":45,"column":39},"end":{"line":47,"column":7}},"line":45},"8":{"name":"(anonymous_8)","decl":{"start":{"line":51,"column":11},"end":{"line":51,"column":12}},"loc":{"start":{"line":51,"column":20},"end":{"line":51,"column":63}},"line":51}},"branchMap":{"0":{"loc":{"start":{"line":15,"column":8},"end":{"line":27,"column":9}},"type":"if","locations":[{"start":{"line":15,"column":8},"end":{"line":27,"column":9}},{"start":{"line":15,"column":8},"end":{"line":27,"column":9}}],"line":15}},"s":{"0":1,"1":1,"2":46,"3":46,"4":46,"5":138,"6":69,"7":46,"8":1,"9":69,"10":1,"11":23,"12":23,"13":23,"14":23,"15":46,"16":23,"17":0},"f":{"0":46,"1":46,"2":138,"3":69,"4":23,"5":23,"6":23,"7":46,"8":0},"b":{"0":[69,69]},"_coverageSchema":"43e27e138ebf9cfc5966b082cf9a028302ed4184","hash":"4fc8dd9624e19cc7b36eafcf0345642fc719389a"}
}
