TN:
SF:/Users/vanessarandall/Turing/Mod_4/Projects/palette-picker-backend/app.js
FN:12,(anonymous_0)
FN:16,(anonymous_1)
FN:29,(anonymous_2)
FN:42,(anonymous_3)
FN:57,(anonymous_4)
FN:76,(anonymous_5)
FN:91,(anonymous_6)
FN:95,(anonymous_7)
FN:113,(anonymous_8)
FN:130,(anonymous_9)
FN:161,(anonymous_10)
FN:188,(anonymous_11)
FN:226,(anonymous_12)
FN:244,(anonymous_13)
FNF:14
FNH:12
FNDA:1,(anonymous_0)
FNDA:1,(anonymous_1)
FNDA:1,(anonymous_2)
FNDA:2,(anonymous_3)
FNDA:2,(anonymous_4)
FNDA:2,(anonymous_5)
FNDA:0,(anonymous_6)
FNDA:0,(anonymous_7)
FNDA:2,(anonymous_8)
FNDA:2,(anonymous_9)
FNDA:3,(anonymous_10)
FNDA:3,(anonymous_11)
FNDA:2,(anonymous_12)
FNDA:2,(anonymous_13)
DA:1,1
DA:2,1
DA:3,1
DA:4,1
DA:5,1
DA:6,1
DA:8,1
DA:9,1
DA:10,1
DA:12,1
DA:13,1
DA:16,1
DA:17,1
DA:18,1
DA:19,1
DA:20,1
DA:22,0
DA:25,0
DA:29,1
DA:30,1
DA:31,1
DA:32,1
DA:33,1
DA:35,0
DA:38,0
DA:42,1
DA:43,2
DA:45,2
DA:46,2
DA:47,2
DA:48,1
DA:50,1
DA:53,0
DA:57,1
DA:58,2
DA:60,2
DA:61,2
DA:64,2
DA:65,1
DA:67,1
DA:72,0
DA:76,1
DA:77,2
DA:79,2
DA:80,2
DA:81,2
DA:82,1
DA:84,1
DA:87,0
DA:91,1
DA:92,0
DA:93,0
DA:94,0
DA:95,0
DA:96,0
DA:99,0
DA:100,0
DA:106,0
DA:109,0
DA:113,1
DA:114,2
DA:116,2
DA:117,1
DA:122,1
DA:123,1
DA:124,1
DA:126,0
DA:130,1
DA:131,2
DA:132,2
DA:142,2
DA:143,8
DA:144,1
DA:149,1
DA:153,1
DA:154,1
DA:155,1
DA:157,0
DA:161,1
DA:162,3
DA:163,3
DA:165,3
DA:166,1
DA:171,2
DA:172,2
DA:176,2
DA:177,1
DA:181,1
DA:184,0
DA:188,1
DA:189,3
DA:191,3
DA:201,3
DA:202,3
DA:203,3
DA:204,3
DA:205,1
DA:209,2
DA:210,2
DA:211,1
DA:214,1
DA:216,1
DA:222,0
DA:226,1
DA:227,2
DA:229,2
DA:230,2
DA:234,2
DA:235,1
DA:237,1
DA:240,0
DA:244,1
DA:245,2
DA:247,2
DA:248,2
DA:252,2
DA:253,1
DA:255,1
DA:260,0
DA:264,1
LF:120
LH:98
BRDA:4,0,0,1
BRDA:4,0,1,0
BRDA:19,1,0,1
BRDA:19,1,1,0
BRDA:32,2,0,1
BRDA:32,2,1,0
BRDA:47,3,0,1
BRDA:47,3,1,1
BRDA:64,4,0,1
BRDA:64,4,1,1
BRDA:81,5,0,1
BRDA:81,5,1,1
BRDA:99,6,0,0
BRDA:99,6,1,0
BRDA:116,7,0,1
BRDA:116,7,1,1
BRDA:143,8,0,1
BRDA:143,8,1,7
BRDA:165,9,0,1
BRDA:165,9,1,2
BRDA:176,10,0,1
BRDA:176,10,1,1
BRDA:203,11,0,2
BRDA:203,11,1,1
BRDA:204,12,0,1
BRDA:204,12,1,2
BRDA:210,13,0,1
BRDA:210,13,1,1
BRDA:210,14,0,2
BRDA:210,14,1,1
BRDA:234,15,0,1
BRDA:234,15,1,1
BRDA:252,16,0,1
BRDA:252,16,1,1
BRF:34
BRH:29
end_of_record
TN:
SF:/Users/vanessarandall/Turing/Mod_4/Projects/palette-picker-backend/knexfile.js
FNF:0
FNH:0
DA:1,1
LF:1
LH:1
BRF:0
BRH:0
end_of_record
TN:
SF:/Users/vanessarandall/Turing/Mod_4/Projects/palette-picker-backend/data/data.js
FNF:0
FNH:0
DA:1,1
DA:42,1
LF:2
LH:2
BRF:0
BRH:0
end_of_record
TN:
SF:/Users/vanessarandall/Turing/Mod_4/Projects/palette-picker-backend/db/seeds/test/projects.js
FN:3,(anonymous_0)
FN:11,(anonymous_1)
FN:14,(anonymous_2)
FN:34,(anonymous_3)
FN:38,(anonymous_4)
FN:41,(anonymous_5)
FN:42,(anonymous_6)
FN:45,(anonymous_7)
FN:51,(anonymous_8)
FNF:9
FNH:8
FNDA:46,(anonymous_0)
FNDA:46,(anonymous_1)
FNDA:138,(anonymous_2)
FNDA:69,(anonymous_3)
FNDA:23,(anonymous_4)
FNDA:23,(anonymous_5)
FNDA:23,(anonymous_6)
FNDA:46,(anonymous_7)
FNDA:0,(anonymous_8)
DA:1,1
DA:3,1
DA:4,46
DA:12,46
DA:14,46
DA:15,138
DA:16,69
DA:30,46
DA:34,1
DA:35,69
DA:38,1
DA:39,23
DA:41,23
DA:43,23
DA:45,23
DA:46,46
DA:49,23
DA:51,0
LF:18
LH:17
BRDA:15,0,0,69
BRDA:15,0,1,69
BRF:2
BRH:2
end_of_record
